<?xml version="1.0" encoding="UTF-8"?>
<!-- Generated by org.testng.reporters.JUnitXMLReporter -->
<testsuite hostname="Mahesh" name="haritha-test" tests="4" failures="0" timestamp="23 Jun 2020 03:42:26 GMT" time="98.006" errors="0">
  <testcase name="addEmp" time="37.465" classname="myPack.Haritha"/>
  <testcase name="deleteEmp" time="0.0" classname="myPack.Haritha"/>
  <testcase name="editEmp" time="0.0" classname="myPack.Haritha"/>
  <testcase name="verifyLogin" time="60.529" classname="myPack.Haritha"/>
</testsuite> <!-- haritha-test -->
